Сборка начата 23.03.2016 19:00:54.
     1>Проект "D:\ООП\курсовой ООП2(туры)\курсовой ООП\курсовой ООП.vcxproj" в узле 2 (целевые объекты Build).
     1>ClCompile:
         C:\Program Files (x86)\Microsoft Visual Studio 11.0\VC\bin\CL.exe /c /ZI /nologo /W3 /WX- /Od /Oy- /D WIN32 /D _DEBUG /D _CONSOLE /D _UNICODE /D UNICODE /Gm /EHsc /RTC1 /MDd /GS /fp:precise /Zc:wchar_t /Zc:forScope /Fo"Debug\\" /Fd"Debug\vc110.pdb" /Gd /TP /analyze- /errorReport:prompt realisation.cpp "Исходный код.cpp"
         Исходный код.cpp
     1>d:\ооп\курсовой ооп2(туры)\курсовой ооп\menuadm.h(164): warning C4244: return: преобразование "double" в "int", возможна потеря данных
     1>d:\ооп\курсовой ооп2(туры)\курсовой ооп\menuadm.h(296): warning C4244: =: преобразование "double" в "int", возможна потеря данных
     1>d:\ооп\курсовой ооп2(туры)\курсовой ооп\menuadm.h(297): warning C4244: =: преобразование "double" в "int", возможна потеря данных
     1>d:\ооп\курсовой ооп2(туры)\курсовой ооп\menuadm.h(308): warning C4244: =: преобразование "double" в "int", возможна потеря данных
     1>d:\ооп\курсовой ооп2(туры)\курсовой ооп\menuadm.h(849): warning C4101: y: неиспользованная локальная переменная
     1>d:\ооп\курсовой ооп2(туры)\курсовой ооп\menuadm.h(849): warning C4101: mn: неиспользованная локальная переменная
     1>d:\ооп\курсовой ооп2(туры)\курсовой ооп\menuadm.h(848): warning C4101: res_kod: неиспользованная локальная переменная
     1>d:\ооп\курсовой ооп2(туры)\курсовой ооп\menuadm.h(848): warning C4101: buf_kod: неиспользованная локальная переменная
     1>d:\ооп\курсовой ооп2(туры)\курсовой ооп\menuadm.h(849): warning C4101: d: неиспользованная локальная переменная
     1>d:\ооп\курсовой ооп2(туры)\курсовой ооп\menuadm.h(867): warning C4101: number: неиспользованная локальная переменная
         realisation.cpp
         Создание кода...
       Link:
         C:\Program Files (x86)\Microsoft Visual Studio 11.0\VC\bin\link.exe /ERRORREPORT:PROMPT /OUT:"D:\ООП\курсовой ООП2(туры)\Debug\курсовой ООП.exe" /INCREMENTAL /NOLOGO kernel32.lib user32.lib gdi32.lib winspool.lib comdlg32.lib advapi32.lib shell32.lib ole32.lib oleaut32.lib uuid.lib odbc32.lib odbccp32.lib /MANIFEST /MANIFESTUAC:"level='asInvoker' uiAccess='false'" /manifest:embed /DEBUG /PDB:"D:\ООП\курсовой ООП2(туры)\Debug\курсовой ООП.pdb" /SUBSYSTEM:CONSOLE /TLBID:1 /DYNAMICBASE /NXCOMPAT /IMPLIB:"D:\ООП\курсовой ООП2(туры)\Debug\курсовой ООП.lib" /MACHINE:X86 Debug\realisation.obj
         "Debug\Исходный код.obj"
         курсовой ООП.vcxproj -> D:\ООП\курсовой ООП2(туры)\Debug\курсовой ООП.exe
     1>Построение проекта "D:\ООП\курсовой ООП2(туры)\курсовой ООП\курсовой ООП.vcxproj" завершено (целевые объекты Build).

Построение успешно завершено.

Затраченное время: 00:00:04.58
