G:\курсовой ООП2(туры)\курсовой ООП\DEBUG\REALISATION.OBJ
G:\курсовой ООП2(туры)\курсовой ООП\DEBUG\Исходный код.OBJ
G:\КУРСОВОЙ ООП2(ТУРЫ)\КУРСОВОЙ ООП\DEBUG\VC110.PDB
G:\курсовой ООП2(туры)\DEBUG\курсовой ООП.ILK
G:\курсовой ООП2(туры)\DEBUG\курсовой ООП.EXE
G:\КУРСОВОЙ ООП2(ТУРЫ)\DEBUG\КУРСОВОЙ ООП.PDB
G:\курсовой ООП2(туры)\курсовой ООП\Debug\realisation.obj
G:\курсовой ООП2(туры)\курсовой ООП\Debug\Исходный код.obj
G:\курсовой ООП2(туры)\курсовой ООП\Debug\CL.read.1.tlog
G:\курсовой ООП2(туры)\курсовой ООП\Debug\CL.write.1.tlog
G:\курсовой ООП2(туры)\курсовой ООП\Debug\cl.command.1.tlog
G:\курсовой ООП2(туры)\курсовой ООП\Debug\link-rc.read.1.tlog
G:\курсовой ООП2(туры)\курсовой ООП\Debug\link-rc.write.1.tlog
G:\курсовой ООП2(туры)\курсовой ООП\Debug\link-cvtres.read.1.tlog
G:\курсовой ООП2(туры)\курсовой ООП\Debug\link-cvtres.write.1.tlog
G:\курсовой ООП2(туры)\курсовой ООП\Debug\link.read.1.tlog
G:\курсовой ООП2(туры)\курсовой ООП\Debug\link.write.1.tlog
G:\курсовой ООП2(туры)\курсовой ООП\Debug\link.command.1.tlog
G:\курсовой ООП2(туры)\курсовой ООП\Debug\link.5164-rc.read.1.tlog
G:\курсовой ООП2(туры)\курсовой ООП\Debug\link.5164-rc.write.1.tlog
G:\курсовой ООП2(туры)\курсовой ООП\Debug\link.5164-cvtres.read.1.tlog
G:\курсовой ООП2(туры)\курсовой ООП\Debug\link.5164-cvtres.write.1.tlog
G:\курсовой ООП2(туры)\курсовой ООП\Debug\link.5164.read.1.tlog
G:\курсовой ООП2(туры)\курсовой ООП\Debug\link.5164.write.1.tlog
G:\курсовой ООП2(туры)\курсовой ООП\Debug\link.4400-rc.read.1.tlog
G:\курсовой ООП2(туры)\курсовой ООП\Debug\link.4400-rc.write.1.tlog
G:\курсовой ООП2(туры)\курсовой ООП\Debug\link.4400-cvtres.read.1.tlog
G:\курсовой ООП2(туры)\курсовой ООП\Debug\link.4400-cvtres.write.1.tlog
G:\курсовой ООП2(туры)\курсовой ООП\Debug\link.4400.read.1.tlog
G:\курсовой ООП2(туры)\курсовой ООП\Debug\link.4400.write.1.tlog
G:\курсовой ООП2(туры)\курсовой ООП\Debug\link.3048-rc.read.1.tlog
G:\курсовой ООП2(туры)\курсовой ООП\Debug\link.3048-rc.write.1.tlog
G:\курсовой ООП2(туры)\курсовой ООП\Debug\link.3048-cvtres.read.1.tlog
G:\курсовой ООП2(туры)\курсовой ООП\Debug\link.3048-cvtres.write.1.tlog
G:\курсовой ООП2(туры)\курсовой ООП\Debug\link.3048.read.1.tlog
G:\курсовой ООП2(туры)\курсовой ООП\Debug\link.3048.write.1.tlog
G:\курсовой ООП2(туры)\курсовой ООП\Debug\link.4796-rc.read.1.tlog
G:\курсовой ООП2(туры)\курсовой ООП\Debug\link.4796-rc.write.1.tlog
G:\курсовой ООП2(туры)\курсовой ООП\Debug\link.4796-cvtres.read.1.tlog
G:\курсовой ООП2(туры)\курсовой ООП\Debug\link.4796-cvtres.write.1.tlog
G:\курсовой ООП2(туры)\курсовой ООП\Debug\link.4796.read.1.tlog
G:\курсовой ООП2(туры)\курсовой ООП\Debug\link.4796.write.1.tlog
G:\курсовой ООП2(туры)\курсовой ООП\Debug\link.3176-rc.read.1.tlog
G:\курсовой ООП2(туры)\курсовой ООП\Debug\link.3176-rc.write.1.tlog
G:\курсовой ООП2(туры)\курсовой ООП\Debug\link.3176-cvtres.read.1.tlog
G:\курсовой ООП2(туры)\курсовой ООП\Debug\link.3176-cvtres.write.1.tlog
G:\курсовой ООП2(туры)\курсовой ООП\Debug\link.3176.read.1.tlog
G:\курсовой ООП2(туры)\курсовой ООП\Debug\link.3176.write.1.tlog
G:\курсовой ООП2(туры)\курсовой ООП\Debug\link.204-rc.read.1.tlog
G:\курсовой ООП2(туры)\курсовой ООП\Debug\link.204-rc.write.1.tlog
G:\курсовой ООП2(туры)\курсовой ООП\Debug\link.204-cvtres.read.1.tlog
G:\курсовой ООП2(туры)\курсовой ООП\Debug\link.204-cvtres.write.1.tlog
G:\курсовой ООП2(туры)\курсовой ООП\Debug\link.204.read.1.tlog
G:\курсовой ООП2(туры)\курсовой ООП\Debug\link.204.write.1.tlog
G:\курсовой ООП2(туры)\курсовой ООП\Debug\link.4704-rc.read.1.tlog
G:\курсовой ООП2(туры)\курсовой ООП\Debug\link.4704-rc.write.1.tlog
G:\курсовой ООП2(туры)\курсовой ООП\Debug\link.4704-cvtres.read.1.tlog
G:\курсовой ООП2(туры)\курсовой ООП\Debug\link.4704-cvtres.write.1.tlog
G:\курсовой ООП2(туры)\курсовой ООП\Debug\link.4704.read.1.tlog
G:\курсовой ООП2(туры)\курсовой ООП\Debug\link.4704.write.1.tlog
G:\курсовой ООП2(туры)\курсовой ООП\Debug\link.5312-rc.read.1.tlog
G:\курсовой ООП2(туры)\курсовой ООП\Debug\link.5312-rc.write.1.tlog
G:\курсовой ООП2(туры)\курсовой ООП\Debug\link.5312-cvtres.read.1.tlog
G:\курсовой ООП2(туры)\курсовой ООП\Debug\link.5312-cvtres.write.1.tlog
G:\курсовой ООП2(туры)\курсовой ООП\Debug\link.5312.read.1.tlog
G:\курсовой ООП2(туры)\курсовой ООП\Debug\link.5312.write.1.tlog
G:\курсовой ООП2(туры)\курсовой ООП\Debug\link.2344-rc.read.1.tlog
G:\курсовой ООП2(туры)\курсовой ООП\Debug\link.2344-rc.write.1.tlog
G:\курсовой ООП2(туры)\курсовой ООП\Debug\link.2344-cvtres.read.1.tlog
G:\курсовой ООП2(туры)\курсовой ООП\Debug\link.2344-cvtres.write.1.tlog
G:\курсовой ООП2(туры)\курсовой ООП\Debug\link.2344.read.1.tlog
G:\курсовой ООП2(туры)\курсовой ООП\Debug\link.2344.write.1.tlog
G:\курсовой ООП2(туры)\курсовой ООП\Debug\link.3968-rc.read.1.tlog
G:\курсовой ООП2(туры)\курсовой ООП\Debug\link.3968-rc.write.1.tlog
G:\курсовой ООП2(туры)\курсовой ООП\Debug\link.3968-cvtres.read.1.tlog
G:\курсовой ООП2(туры)\курсовой ООП\Debug\link.3968-cvtres.write.1.tlog
G:\курсовой ООП2(туры)\курсовой ООП\Debug\link.3968.read.1.tlog
G:\курсовой ООП2(туры)\курсовой ООП\Debug\link.3968.write.1.tlog
G:\курсовой ООП2(туры)\курсовой ООП\Debug\link.5956-rc.read.1.tlog
G:\курсовой ООП2(туры)\курсовой ООП\Debug\link.5956-rc.write.1.tlog
G:\курсовой ООП2(туры)\курсовой ООП\Debug\link.5956-cvtres.read.1.tlog
G:\курсовой ООП2(туры)\курсовой ООП\Debug\link.5956-cvtres.write.1.tlog
G:\курсовой ООП2(туры)\курсовой ООП\Debug\link.5956.read.1.tlog
G:\курсовой ООП2(туры)\курсовой ООП\Debug\link.5956.write.1.tlog
G:\курсовой ООП2(туры)\курсовой ООП\Debug\link.5284-rc.read.1.tlog
G:\курсовой ООП2(туры)\курсовой ООП\Debug\link.5284-rc.write.1.tlog
G:\курсовой ООП2(туры)\курсовой ООП\Debug\link.5284-cvtres.read.1.tlog
G:\курсовой ООП2(туры)\курсовой ООП\Debug\link.5284-cvtres.write.1.tlog
G:\курсовой ООП2(туры)\курсовой ООП\Debug\link.5284.read.1.tlog
G:\курсовой ООП2(туры)\курсовой ООП\Debug\link.5284.write.1.tlog
G:\курсовой ООП2(туры)\курсовой ООП\Debug\link.4672-rc.read.1.tlog
G:\курсовой ООП2(туры)\курсовой ООП\Debug\link.4672-rc.write.1.tlog
G:\курсовой ООП2(туры)\курсовой ООП\Debug\link.4672-cvtres.read.1.tlog
G:\курсовой ООП2(туры)\курсовой ООП\Debug\link.4672-cvtres.write.1.tlog
G:\курсовой ООП2(туры)\курсовой ООП\Debug\link.4672.read.1.tlog
G:\курсовой ООП2(туры)\курсовой ООП\Debug\link.4672.write.1.tlog
G:\курсовой ООП2(туры)\курсовой ООП\Debug\link.6132-rc.read.1.tlog
G:\курсовой ООП2(туры)\курсовой ООП\Debug\link.6132-rc.write.1.tlog
G:\курсовой ООП2(туры)\курсовой ООП\Debug\link.6132-cvtres.read.1.tlog
G:\курсовой ООП2(туры)\курсовой ООП\Debug\link.6132-cvtres.write.1.tlog
G:\курсовой ООП2(туры)\курсовой ООП\Debug\link.6132.read.1.tlog
G:\курсовой ООП2(туры)\курсовой ООП\Debug\link.6132.write.1.tlog
G:\курсовой ООП2(туры)\курсовой ООП\Debug\link.3132-rc.read.1.tlog
G:\курсовой ООП2(туры)\курсовой ООП\Debug\link.3132-rc.write.1.tlog
G:\курсовой ООП2(туры)\курсовой ООП\Debug\link.3132-cvtres.read.1.tlog
G:\курсовой ООП2(туры)\курсовой ООП\Debug\link.3132-cvtres.write.1.tlog
G:\курсовой ООП2(туры)\курсовой ООП\Debug\link.3132.read.1.tlog
G:\курсовой ООП2(туры)\курсовой ООП\Debug\link.3132.write.1.tlog
G:\курсовой ООП2(туры)\курсовой ООП\Debug\link.2328-rc.read.1.tlog
G:\курсовой ООП2(туры)\курсовой ООП\Debug\link.2328-rc.write.1.tlog
G:\курсовой ООП2(туры)\курсовой ООП\Debug\link.2328-cvtres.read.1.tlog
G:\курсовой ООП2(туры)\курсовой ООП\Debug\link.2328-cvtres.write.1.tlog
G:\курсовой ООП2(туры)\курсовой ООП\Debug\link.2328.read.1.tlog
G:\курсовой ООП2(туры)\курсовой ООП\Debug\link.2328.write.1.tlog
G:\курсовой ООП2(туры)\курсовой ООП\Debug\link.4272-rc.read.1.tlog
G:\курсовой ООП2(туры)\курсовой ООП\Debug\link.4272-rc.write.1.tlog
G:\курсовой ООП2(туры)\курсовой ООП\Debug\link.4272-cvtres.read.1.tlog
G:\курсовой ООП2(туры)\курсовой ООП\Debug\link.4272-cvtres.write.1.tlog
G:\курсовой ООП2(туры)\курсовой ООП\Debug\link.4272.read.1.tlog
G:\курсовой ООП2(туры)\курсовой ООП\Debug\link.4272.write.1.tlog
G:\курсовой ООП2(туры)\курсовой ООП\Debug\link.6120-rc.read.1.tlog
G:\курсовой ООП2(туры)\курсовой ООП\Debug\link.6120-rc.write.1.tlog
G:\курсовой ООП2(туры)\курсовой ООП\Debug\link.6120-cvtres.read.1.tlog
G:\курсовой ООП2(туры)\курсовой ООП\Debug\link.6120-cvtres.write.1.tlog
G:\курсовой ООП2(туры)\курсовой ООП\Debug\link.6120.read.1.tlog
G:\курсовой ООП2(туры)\курсовой ООП\Debug\link.6120.write.1.tlog
G:\курсовой ООП2(туры)\курсовой ООП\Debug\link.5588-rc.read.1.tlog
G:\курсовой ООП2(туры)\курсовой ООП\Debug\link.5588-rc.write.1.tlog
G:\курсовой ООП2(туры)\курсовой ООП\Debug\link.5588-cvtres.read.1.tlog
G:\курсовой ООП2(туры)\курсовой ООП\Debug\link.5588-cvtres.write.1.tlog
G:\курсовой ООП2(туры)\курсовой ООП\Debug\link.5588.read.1.tlog
G:\курсовой ООП2(туры)\курсовой ООП\Debug\link.5588.write.1.tlog
G:\курсовой ООП2(туры)\курсовой ООП\Debug\link.5536-rc.read.1.tlog
G:\курсовой ООП2(туры)\курсовой ООП\Debug\link.5536-rc.write.1.tlog
G:\курсовой ООП2(туры)\курсовой ООП\Debug\link.5536-cvtres.read.1.tlog
G:\курсовой ООП2(туры)\курсовой ООП\Debug\link.5536-cvtres.write.1.tlog
G:\курсовой ООП2(туры)\курсовой ООП\Debug\link.5536.read.1.tlog
G:\курсовой ООП2(туры)\курсовой ООП\Debug\link.5536.write.1.tlog
G:\курсовой ООП2(туры)\курсовой ООП\Debug\vc110.idb
G:\курсовой ООП2(туры)\курсовой ООП\Debug\vc110.pdb
G:\курсовой ООП2(туры)\Debug\курсовой ООП.pdb
G:\курсовой ООП2(туры)\Debug\курсовой ООП.exe
G:\курсовой ООП2(туры)\Debug\курсовой ООП.ilk
